<?xml version="1.0" encoding="UTF-8"?>
<testsuite xmlns:xsi="http://www.w3.org/2001/XMLSchema-instance" xsi:noNamespaceSchemaLocation="https://maven.apache.org/surefire/maven-surefire-plugin/xsd/surefire-test-report.xsd" version="3.0.2" name="TestSuite" time="15.612" tests="1" errors="0" skipped="0" failures="0">
  <properties>
[...]
</properties>
  <testcase name="validateCoverFoxPlans" classname="com.coverFox_Test.CoverFoxTestUsingTestNG" time="0.076">
    <system-out><![CDATA[ INFO [main] (CoverFoxTestUsingTestNG.java:47)- Welcome to the CoverFox
reading url from properties file
launching Browser
 WARN [main] (CoverFoxTestUsingTestNG.java:50)- launching browser
clicking on gender
 INFO [main] (CoverFoxTestUsingTestNG.java:62)- Clicking on Gender
clicking on next button of health plan page
 INFO [main] (CoverFoxTestUsingTestNG.java:64)- Clicking on Next Button of Health Plan Page
2025-05-18T04:36:48.225818800Z main ERROR Log4j API could not find a logging provider.
reading data from excel
handeling age drop down
 INFO [main] (CoverFoxTestUsingTestNG.java:66)- Handleing Age DropDown
clicking On NextButton Of MemberDetails Page
 INFO [main] (CoverFoxTestUsingTestNG.java:68)- Clicking on Next Button of Members Details Page
reading data from excel
entering PinCode
 INFO [main] (CoverFoxTestUsingTestNG.java:70)- Entering PinCode
reading data from excel
entering MobileNum
 INFO [main] (CoverFoxTestUsingTestNG.java:72)- Entering Mobile_No.
clicking On Continue Button
 INFO [main] (CoverFoxTestUsingTestNG.java:74)- Clicking on Next Button of Address Details Page
getting plan number from text
getting plan number from plan cards
Plan numbers are matching TC passed
Test validateCoverFoxPlans is Success
]]></system-out>
    <system-err><![CDATA[SLF4J(W): No SLF4J providers were found.
SLF4J(W): Defaulting to no-operation (NOP) logger implementation
SLF4J(W): See https://www.slf4j.org/codes.html#noProviders for further details.
]]></system-err>
  </testcase>
</testsuite>