<?xml version="1.0" encoding="UTF-8"?>
<testng-results ignored="0" total="1" passed="1" failed="0" skipped="0">
  <reporter-output>
    <line>
      <![CDATA[reading url from properties file]]>
    </line>
    <line>
      <![CDATA[launching Browser]]>
    </line>
    <line>
      <![CDATA[clicking on gender]]>
    </line>
    <line>
      <![CDATA[clicking on next button of health plan page]]>
    </line>
    <line>
      <![CDATA[reading data from excel]]>
    </line>
    <line>
      <![CDATA[handeling age drop down]]>
    </line>
    <line>
      <![CDATA[clicking On NextButton Of MemberDetails Page]]>
    </line>
    <line>
      <![CDATA[reading data from excel]]>
    </line>
    <line>
      <![CDATA[entering PinCode]]>
    </line>
    <line>
      <![CDATA[reading data from excel]]>
    </line>
    <line>
      <![CDATA[entering MobileNum]]>
    </line>
    <line>
      <![CDATA[clicking On Continue Button]]>
    </line>
    <line>
      <![CDATA[getting plan number from text]]>
    </line>
    <line>
      <![CDATA[getting plan number from plan cards]]>
    </line>
    <line>
      <![CDATA[Plan numbers are matching TC passed]]>
    </line>
    <line>
      <![CDATA[Test validateCoverFoxPlans is Success]]>
    </line>
    <line>
      <![CDATA[closing Browser]]>
    </line>
  </reporter-output>
  <suite started-at="2025-05-10T14:13:05 IST" name="Suite" finished-at="2025-05-10T14:13:35 IST" duration-ms="30670">
    <groups>
    </groups>
    <test started-at="2025-05-10T14:13:05 IST" name="Test" finished-at="2025-05-10T14:13:35 IST" duration-ms="30670">
      <class name="com.coverFox_Test.CoverFoxTestUsingTestNG">
        <test-method is-config="true" signature="launchBrowser()[pri:0, instance:com.coverFox_Test.CoverFoxTestUsingTestNG@5fe94a96]" started-at="2025-05-10T14:13:05 IST" name="launchBrowser" finished-at="2025-05-10T14:13:20 IST" duration-ms="15196" status="PASS">
          <reporter-output>
            <line>
              <![CDATA[reading url from properties file]]>
            </line>
            <line>
              <![CDATA[launching Browser]]>
            </line>
          </reporter-output>
        </test-method> <!-- launchBrowser -->
        <test-method is-config="true" signature="coverFoxPreconditions()[pri:0, instance:com.coverFox_Test.CoverFoxTestUsingTestNG@5fe94a96]" started-at="2025-05-10T14:13:20 IST" name="coverFoxPreconditions" finished-at="2025-05-10T14:13:34 IST" duration-ms="14401" status="PASS">
          <reporter-output>
            <line>
              <![CDATA[clicking on gender]]>
            </line>
            <line>
              <![CDATA[clicking on next button of health plan page]]>
            </line>
            <line>
              <![CDATA[reading data from excel]]>
            </line>
            <line>
              <![CDATA[handeling age drop down]]>
            </line>
            <line>
              <![CDATA[clicking On NextButton Of MemberDetails Page]]>
            </line>
            <line>
              <![CDATA[reading data from excel]]>
            </line>
            <line>
              <![CDATA[entering PinCode]]>
            </line>
            <line>
              <![CDATA[reading data from excel]]>
            </line>
            <line>
              <![CDATA[entering MobileNum]]>
            </line>
            <line>
              <![CDATA[clicking On Continue Button]]>
            </line>
          </reporter-output>
        </test-method> <!-- coverFoxPreconditions -->
        <test-method signature="validateCoverFoxPlans()[pri:0, instance:com.coverFox_Test.CoverFoxTestUsingTestNG@5fe94a96]" started-at="2025-05-10T14:13:34 IST" name="validateCoverFoxPlans" finished-at="2025-05-10T14:13:35 IST" duration-ms="112" status="PASS">
          <reporter-output>
            <line>
              <![CDATA[getting plan number from text]]>
            </line>
            <line>
              <![CDATA[getting plan number from plan cards]]>
            </line>
            <line>
              <![CDATA[Plan numbers are matching TC passed]]>
            </line>
            <line>
              <![CDATA[Test validateCoverFoxPlans is Success]]>
            </line>
          </reporter-output>
        </test-method> <!-- validateCoverFoxPlans -->
        <test-method is-config="true" signature="closeBrowser()[pri:0, instance:com.coverFox_Test.CoverFoxTestUsingTestNG@5fe94a96]" started-at="2025-05-10T14:13:35 IST" name="closeBrowser" finished-at="2025-05-10T14:13:35 IST" duration-ms="830" status="PASS">
          <reporter-output>
            <line>
              <![CDATA[closing Browser]]>
            </line>
          </reporter-output>
        </test-method> <!-- closeBrowser -->
      </class> <!-- com.coverFox_Test.CoverFoxTestUsingTestNG -->
    </test> <!-- Test -->
  </suite> <!-- Suite -->
</testng-results>
